# JRE version: Java(TM) SE Runtime Environment (8.0_31-b13) (build 1.8.0_31-b13)
# Java VM: Java HotSpot(TM) 64-Bit Server VM (25.31-b07 mixed mode bsd-amd64 compressed oops)
Heap:
 PSYoungGen      total 17920K, used 14207K [0x00000007aab00000, 0x00000007acf00000, 0x00000007c0000000)
  eden space 16384K, 77% used [0x00000007aab00000,0x00000007ab777dd0,0x00000007abb00000)
  from space 1536K, 93% used [0x00000007ac980000,0x00000007acae8010,0x00000007acb00000)
  to   space 3584K, 0% used [0x00000007acb80000,0x00000007acb80000,0x00000007acf00000)
 ParOldGen       total 44032K, used 3467K [0x0000000780000000, 0x0000000782b00000, 0x00000007aab00000)
  object space 44032K, 7% used [0x0000000780000000,0x0000000780362d30,0x0000000782b00000)
 Metaspace       used 11163K, capacity 11528K, committed 11776K, reserved 1058816K
  class space    used 1405K, capacity 1496K, committed 1536K, reserved 1048576K
GC Heap History (10 events):
Event: 2.972 GC heap before
{Heap before GC invocations=5 (full 0):
 PSYoungGen      total 18944K, used 18850K [0x00000007aab00000, 0x00000007ac000000, 0x00000007c0000000)
  eden space 16384K, 99% used [0x00000007aab00000,0x00000007abaec458,0x00000007abb00000)
  from space 2560K, 99% used [0x00000007abd80000,0x00000007abffc4c8,0x00000007ac000000)
  to   space 2560K, 0% used [0x00000007abb00000,0x00000007abb00000,0x00000007abd80000)
 ParOldGen       total 44032K, used 312K [0x0000000780000000, 0x0000000782b00000, 0x00000007aab00000)
  object space 44032K, 0% used [0x0000000780000000,0x000000078004e000,0x0000000782b00000)
 Metaspace       used 7198K, capacity 7590K, committed 7680K, reserved 1056768K
  class space    used 892K, capacity 967K, committed 1024K, reserved 1048576K
Event: 2.974 GC heap after
Heap after GC invocations=5 (full 0):
 PSYoungGen      total 18944K, used 2528K [0x00000007aab00000, 0x00000007ac200000, 0x00000007c0000000)
  eden space 16384K, 0% used [0x00000007aab00000,0x00000007aab00000,0x00000007abb00000)
  from space 2560K, 98% used [0x00000007abb00000,0x00000007abd78020,0x00000007abd80000)
  to   space 3584K, 0% used [0x00000007abe80000,0x00000007abe80000,0x00000007ac200000)
 ParOldGen       total 44032K, used 736K [0x0000000780000000, 0x0000000782b00000, 0x00000007aab00000)
  object space 44032K, 1% used [0x0000000780000000,0x00000007800b8000,0x0000000782b00000)
 Metaspace       used 7198K, capacity 7590K, committed 7680K, reserved 1056768K
  class space    used 892K, capacity 967K, committed 1024K, reserved 1048576K
}
Event: 3.169 GC heap before
{Heap before GC invocations=6 (full 0):
 PSYoungGen      total 18944K, used 18886K [0x00000007aab00000, 0x00000007ac200000, 0x00000007c0000000)
  eden space 16384K, 99% used [0x00000007aab00000,0x00000007abaf99c0,0x00000007abb00000)
  from space 2560K, 98% used [0x00000007abb00000,0x00000007abd78020,0x00000007abd80000)
  to   space 3584K, 0% used [0x00000007abe80000,0x00000007abe80000,0x00000007ac200000)
 ParOldGen       total 44032K, used 736K [0x0000000780000000, 0x0000000782b00000, 0x00000007aab00000)
  object space 44032K, 1% used [0x0000000780000000,0x00000007800b8000,0x0000000782b00000)
 Metaspace       used 7226K, capacity 7590K, committed 7680K, reserved 1056768K
  class space    used 892K, capacity 967K, committed 1024K, reserved 1048576K
Event: 3.172 GC heap after
Heap after GC invocations=6 (full 0):
 PSYoungGen      total 19968K, used 2944K [0x00000007aab00000, 0x00000007ac200000, 0x00000007c0000000)
  eden space 16384K, 0% used [0x00000007aab00000,0x00000007aab00000,0x00000007abb00000)
  from space 3584K, 82% used [0x00000007abe80000,0x00000007ac160020,0x00000007ac200000)
  to   space 3584K, 0% used [0x00000007abb00000,0x00000007abb00000,0x00000007abe80000)
 ParOldGen       total 44032K, used 744K [0x0000000780000000, 0x0000000782b00000, 0x00000007aab00000)
  object space 44032K, 1% used [0x0000000780000000,0x00000007800ba000,0x0000000782b00000)
 Metaspace       used 7226K, capacity 7590K, committed 7680K, reserved 1056768K
  class space    used 892K, capacity 967K, committed 1024K, reserved 1048576K
}
Event: 3.627 GC heap before
{Heap before GC invocations=7 (full 0):
 PSYoungGen      total 19968K, used 19328K [0x00000007aab00000, 0x00000007ac200000, 0x00000007c0000000)
  eden space 16384K, 100% used [0x00000007aab00000,0x00000007abb00000,0x00000007abb00000)
  from space 3584K, 82% used [0x00000007abe80000,0x00000007ac160020,0x00000007ac200000)
  to   space 3584K, 0% used [0x00000007abb00000,0x00000007abb00000,0x00000007abe80000)
 ParOldGen       total 44032K, used 744K [0x0000000780000000, 0x0000000782b00000, 0x00000007aab00000)
  object space 44032K, 1% used [0x0000000780000000,0x00000007800ba000,0x0000000782b00000)
 Metaspace       used 9143K, capacity 9458K, committed 9600K, reserved 1056768K
  class space    used 1218K, capacity 1331K, committed 1408K, reserved 1048576K
Event: 3.633 GC heap after
Heap after GC invocations=7 (full 0):
 PSYoungGen      total 19968K, used 2048K [0x00000007aab00000, 0x00000007ad200000, 0x00000007c0000000)
  eden space 16384K, 0% used [0x00000007aab00000,0x00000007aab00000,0x00000007abb00000)
  from space 3584K, 57% used [0x00000007abb00000,0x00000007abd00000,0x00000007abe80000)
  to   space 3584K, 0% used [0x00000007ace80000,0x00000007ace80000,0x00000007ad200000)
 ParOldGen       total 44032K, used 2128K [0x0000000780000000, 0x0000000782b00000, 0x00000007aab00000)
  object space 44032K, 4% used [0x0000000780000000,0x00000007802143b0,0x0000000782b00000)
 Metaspace       used 9143K, capacity 9458K, committed 9600K, reserved 1056768K
  class space    used 1218K, capacity 1331K, committed 1408K, reserved 1048576K
}
Event: 3.851 GC heap before
{Heap before GC invocations=8 (full 0):
 PSYoungGen      total 19968K, used 18432K [0x00000007aab00000, 0x00000007ad200000, 0x00000007c0000000)
  eden space 16384K, 100% used [0x00000007aab00000,0x00000007abb00000,0x00000007abb00000)
  from space 3584K, 57% used [0x00000007abb00000,0x00000007abd00000,0x00000007abe80000)
  to   space 3584K, 0% used [0x00000007ace80000,0x00000007ace80000,0x00000007ad200000)
 ParOldGen       total 44032K, used 2128K [0x0000000780000000, 0x0000000782b00000, 0x00000007aab00000)
  object space 44032K, 4% used [0x0000000780000000,0x00000007802143b0,0x0000000782b00000)
 Metaspace       used 9193K, capacity 9534K, committed 9856K, reserved 1058816K
  class space    used 1218K, capacity 1331K, committed 1408K, reserved 1048576K
Event: 3.853 GC heap after
Heap after GC invocations=8 (full 0):
 PSYoungGen      total 18432K, used 1632K [0x00000007aab00000, 0x00000007ad080000, 0x00000007c0000000)
  eden space 16384K, 0% used [0x00000007aab00000,0x00000007aab00000,0x00000007abb00000)
  from space 2048K, 79% used [0x00000007ace80000,0x00000007ad018000,0x00000007ad080000)
  to   space 3584K, 0% used [0x00000007ac980000,0x00000007ac980000,0x00000007acd00000)
 ParOldGen       total 44032K, used 2790K [0x0000000780000000, 0x0000000782b00000, 0x00000007aab00000)
  object space 44032K, 6% used [0x0000000780000000,0x00000007802b9880,0x0000000782b00000)
 Metaspace       used 9193K, capacity 9534K, committed 9856K, reserved 1058816K
  class space    used 1218K, capacity 1331K, committed 1408K, reserved 1048576K
}
Event: 4.384 GC heap before
{Heap before GC invocations=9 (full 0):
 PSYoungGen      total 18432K, used 18016K [0x00000007aab00000, 0x00000007ad080000, 0x00000007c0000000)
  eden space 16384K, 100% used [0x00000007aab00000,0x00000007abb00000,0x00000007abb00000)
  from space 2048K, 79% used [0x00000007ace80000,0x00000007ad018000,0x00000007ad080000)
  to   space 3584K, 0% used [0x00000007ac980000,0x00000007ac980000,0x00000007acd00000)
 ParOldGen       total 44032K, used 2790K [0x0000000780000000, 0x0000000782b00000, 0x00000007aab00000)
  object space 44032K, 6% used [0x0000000780000000,0x00000007802b9880,0x0000000782b00000)
 Metaspace       used 10252K, capacity 10600K, committed 10752K, reserved 1058816K
  class space    used 1355K, capacity 1454K, committed 1536K, reserved 1048576K
Event: 4.387 GC heap after
Heap after GC invocations=9 (full 0):
 PSYoungGen      total 17920K, used 1440K [0x00000007aab00000, 0x00000007acf00000, 0x00000007c0000000)
  eden space 16384K, 0% used [0x00000007aab00000,0x00000007aab00000,0x00000007abb00000)
  from space 1536K, 93% used [0x00000007ac980000,0x00000007acae8010,0x00000007acb00000)
  to   space 3584K, 0% used [0x00000007acb80000,0x00000007acb80000,0x00000007acf00000)
 ParOldGen       total 44032K, used 3467K [0x0000000780000000, 0x0000000782b00000, 0x00000007aab00000)
  object space 44032K, 7% used [0x0000000780000000,0x0000000780362d30,0x0000000782b00000)
 Metaspace       used 10252K, capacity 10600K, committed 10752K, reserved 1058816K
  class space    used 1355K, capacity 1454K, committed 1536K, reserved 1048576K
}

