# JRE version: Java(TM) SE Runtime Environment (8.0_31-b13) (build 1.8.0_31-b13)
# Java VM: Java HotSpot(TM) 64-Bit Server VM (25.31-b07 mixed mode bsd-amd64 compressed oops)
Heap:
 PSYoungGen      total 19968K, used 9612K [0x00000007aab00000, 0x00000007ac200000, 0x00000007c0000000)
  eden space 16384K, 49% used [0x00000007aab00000,0x00000007ab2fb198,0x00000007abb00000)
  from space 3584K, 40% used [0x00000007abb00000,0x00000007abc68000,0x00000007abe80000)
  to   space 3584K, 0% used [0x00000007abe80000,0x00000007abe80000,0x00000007ac200000)
 ParOldGen       total 44032K, used 3495K [0x0000000780000000, 0x0000000782b00000, 0x00000007aab00000)
  object space 44032K, 7% used [0x0000000780000000,0x0000000780369d80,0x0000000782b00000)
 Metaspace       used 11420K, capacity 11814K, committed 12160K, reserved 1060864K
  class space    used 1428K, capacity 1541K, committed 1664K, reserved 1048576K
GC Heap History (10 events):
Event: 2.906 GC heap before
{Heap before GC invocations=5 (full 0):
 PSYoungGen      total 18944K, used 18913K [0x00000007aab00000, 0x00000007ac000000, 0x00000007c0000000)
  eden space 16384K, 100% used [0x00000007aab00000,0x00000007abb00000,0x00000007abb00000)
  from space 2560K, 98% used [0x00000007abd80000,0x00000007abff84d8,0x00000007ac000000)
  to   space 2560K, 0% used [0x00000007abb00000,0x00000007abb00000,0x00000007abd80000)
 ParOldGen       total 44032K, used 336K [0x0000000780000000, 0x0000000782b00000, 0x00000007aab00000)
  object space 44032K, 0% used [0x0000000780000000,0x0000000780054000,0x0000000782b00000)
 Metaspace       used 7197K, capacity 7590K, committed 7680K, reserved 1056768K
  class space    used 892K, capacity 967K, committed 1024K, reserved 1048576K
Event: 2.909 GC heap after
Heap after GC invocations=5 (full 0):
 PSYoungGen      total 18944K, used 2545K [0x00000007aab00000, 0x00000007ac200000, 0x00000007c0000000)
  eden space 16384K, 0% used [0x00000007aab00000,0x00000007aab00000,0x00000007abb00000)
  from space 2560K, 99% used [0x00000007abb00000,0x00000007abd7c4c8,0x00000007abd80000)
  to   space 3584K, 0% used [0x00000007abe80000,0x00000007abe80000,0x00000007ac200000)
 ParOldGen       total 44032K, used 760K [0x0000000780000000, 0x0000000782b00000, 0x00000007aab00000)
  object space 44032K, 1% used [0x0000000780000000,0x00000007800be0d0,0x0000000782b00000)
 Metaspace       used 7197K, capacity 7590K, committed 7680K, reserved 1056768K
  class space    used 892K, capacity 967K, committed 1024K, reserved 1048576K
}
Event: 3.113 GC heap before
{Heap before GC invocations=6 (full 0):
 PSYoungGen      total 18944K, used 18929K [0x00000007aab00000, 0x00000007ac200000, 0x00000007c0000000)
  eden space 16384K, 100% used [0x00000007aab00000,0x00000007abb00000,0x00000007abb00000)
  from space 2560K, 99% used [0x00000007abb00000,0x00000007abd7c4c8,0x00000007abd80000)
  to   space 3584K, 0% used [0x00000007abe80000,0x00000007abe80000,0x00000007ac200000)
 ParOldGen       total 44032K, used 760K [0x0000000780000000, 0x0000000782b00000, 0x00000007aab00000)
  object space 44032K, 1% used [0x0000000780000000,0x00000007800be0d0,0x0000000782b00000)
 Metaspace       used 7223K, capacity 7590K, committed 7680K, reserved 1056768K
  class space    used 892K, capacity 967K, committed 1024K, reserved 1048576K
Event: 3.116 GC heap after
Heap after GC invocations=6 (full 0):
 PSYoungGen      total 19968K, used 2960K [0x00000007aab00000, 0x00000007ac200000, 0x00000007c0000000)
  eden space 16384K, 0% used [0x00000007aab00000,0x00000007aab00000,0x00000007abb00000)
  from space 3584K, 82% used [0x00000007abe80000,0x00000007ac164030,0x00000007ac200000)
  to   space 3584K, 0% used [0x00000007abb00000,0x00000007abb00000,0x00000007abe80000)
 ParOldGen       total 44032K, used 768K [0x0000000780000000, 0x0000000782b00000, 0x00000007aab00000)
  object space 44032K, 1% used [0x0000000780000000,0x00000007800c00d0,0x0000000782b00000)
 Metaspace       used 7223K, capacity 7590K, committed 7680K, reserved 1056768K
  class space    used 892K, capacity 967K, committed 1024K, reserved 1048576K
}
Event: 3.531 GC heap before
{Heap before GC invocations=7 (full 0):
 PSYoungGen      total 19968K, used 19344K [0x00000007aab00000, 0x00000007ac200000, 0x00000007c0000000)
  eden space 16384K, 100% used [0x00000007aab00000,0x00000007abb00000,0x00000007abb00000)
  from space 3584K, 82% used [0x00000007abe80000,0x00000007ac164030,0x00000007ac200000)
  to   space 3584K, 0% used [0x00000007abb00000,0x00000007abb00000,0x00000007abe80000)
 ParOldGen       total 44032K, used 768K [0x0000000780000000, 0x0000000782b00000, 0x00000007aab00000)
  object space 44032K, 1% used [0x0000000780000000,0x00000007800c00d0,0x0000000782b00000)
 Metaspace       used 9150K, capacity 9462K, committed 9600K, reserved 1056768K
  class space    used 1218K, capacity 1331K, committed 1408K, reserved 1048576K
Event: 3.534 GC heap after
Heap after GC invocations=7 (full 0):
 PSYoungGen      total 19968K, used 2016K [0x00000007aab00000, 0x00000007ac200000, 0x00000007c0000000)
  eden space 16384K, 0% used [0x00000007aab00000,0x00000007aab00000,0x00000007abb00000)
  from space 3584K, 56% used [0x00000007abb00000,0x00000007abcf8000,0x00000007abe80000)
  to   space 3584K, 0% used [0x00000007abe80000,0x00000007abe80000,0x00000007ac200000)
 ParOldGen       total 44032K, used 2161K [0x0000000780000000, 0x0000000782b00000, 0x00000007aab00000)
  object space 44032K, 4% used [0x0000000780000000,0x000000078021c410,0x0000000782b00000)
 Metaspace       used 9150K, capacity 9462K, committed 9600K, reserved 1056768K
  class space    used 1218K, capacity 1331K, committed 1408K, reserved 1048576K
}
Event: 3.789 GC heap before
{Heap before GC invocations=8 (full 0):
 PSYoungGen      total 19968K, used 18339K [0x00000007aab00000, 0x00000007ac200000, 0x00000007c0000000)
  eden space 16384K, 99% used [0x00000007aab00000,0x00000007abaf0dd0,0x00000007abb00000)
  from space 3584K, 56% used [0x00000007abb00000,0x00000007abcf8000,0x00000007abe80000)
  to   space 3584K, 0% used [0x00000007abe80000,0x00000007abe80000,0x00000007ac200000)
 ParOldGen       total 44032K, used 2161K [0x0000000780000000, 0x0000000782b00000, 0x00000007aab00000)
  object space 44032K, 4% used [0x0000000780000000,0x000000078021c410,0x0000000782b00000)
 Metaspace       used 9189K, capacity 9538K, committed 9856K, reserved 1058816K
  class space    used 1218K, capacity 1331K, committed 1408K, reserved 1048576K
Event: 3.792 GC heap after
Heap after GC invocations=8 (full 0):
 PSYoungGen      total 19968K, used 1600K [0x00000007aab00000, 0x00000007ac200000, 0x00000007c0000000)
  eden space 16384K, 0% used [0x00000007aab00000,0x00000007aab00000,0x00000007abb00000)
  from space 3584K, 44% used [0x00000007abe80000,0x00000007ac010000,0x00000007ac200000)
  to   space 3584K, 0% used [0x00000007abb00000,0x00000007abb00000,0x00000007abe80000)
 ParOldGen       total 44032K, used 2814K [0x0000000780000000, 0x0000000782b00000, 0x00000007aab00000)
  object space 44032K, 6% used [0x0000000780000000,0x00000007802bf8e0,0x0000000782b00000)
 Metaspace       used 9189K, capacity 9538K, committed 9856K, reserved 1058816K
  class space    used 1218K, capacity 1331K, committed 1408K, reserved 1048576K
}
Event: 6.870 GC heap before
{Heap before GC invocations=9 (full 0):
 PSYoungGen      total 19968K, used 17984K [0x00000007aab00000, 0x00000007ac200000, 0x00000007c0000000)
  eden space 16384K, 100% used [0x00000007aab00000,0x00000007abb00000,0x00000007abb00000)
  from space 3584K, 44% used [0x00000007abe80000,0x00000007ac010000,0x00000007ac200000)
  to   space 3584K, 0% used [0x00000007abb00000,0x00000007abb00000,0x00000007abe80000)
 ParOldGen       total 44032K, used 2814K [0x0000000780000000, 0x0000000782b00000, 0x00000007aab00000)
  object space 44032K, 6% used [0x0000000780000000,0x00000007802bf8e0,0x0000000782b00000)
 Metaspace       used 10713K, capacity 11096K, committed 11264K, reserved 1058816K
  class space    used 1397K, capacity 1488K, committed 1536K, reserved 1048576K
Event: 6.874 GC heap after
Heap after GC invocations=9 (full 0):
 PSYoungGen      total 19968K, used 1440K [0x00000007aab00000, 0x00000007ac200000, 0x00000007c0000000)
  eden space 16384K, 0% used [0x00000007aab00000,0x00000007aab00000,0x00000007abb00000)
  from space 3584K, 40% used [0x00000007abb00000,0x00000007abc68000,0x00000007abe80000)
  to   space 3584K, 0% used [0x00000007abe80000,0x00000007abe80000,0x00000007ac200000)
 ParOldGen       total 44032K, used 3495K [0x0000000780000000, 0x0000000782b00000, 0x00000007aab00000)
  object space 44032K, 7% used [0x0000000780000000,0x0000000780369d80,0x0000000782b00000)
 Metaspace       used 10713K, capacity 11096K, committed 11264K, reserved 1058816K
  class space    used 1397K, capacity 1488K, committed 1536K, reserved 1048576K
}

